<?xml version="1.0" encoding="UTF-8"?>
<testsuites name="Mocha Tests" time="4.1480" tests="1" failures="0">
  <testsuite name="Root Suite" timestamp="2021-12-20T10:43:04" tests="0" file="cypress/integration/api/apiDescription.spec.ts" time="0.0000" failures="0">
  </testsuite>
  <testsuite name="Test if every type in graphQL API has description" timestamp="2021-12-20T10:43:04" tests="1" time="4.0830" failures="0">
    <testcase name="Test if every type in graphQL API has description Check every input for the User Type" time="4.0840" classname="Check every input for the User Type">
    </testcase>
  </testsuite>
</testsuites>