<?xml version="1.0" encoding="UTF-8"?>
<testsuites name="Mocha Tests" time="6.8270" tests="1" failures="1">
  <testsuite name="Root Suite" timestamp="2021-12-20T10:43:11" tests="0" file="cypress/integration/copyLanguages.ts" time="0.0000" failures="0">
  </testsuite>
  <testsuite name="Test copy to other languages" timestamp="2021-12-20T10:43:11" tests="1" time="6.7780" failures="1">
    <testcase name="Test copy to other languages Check every input for the User Type" time="0.0000" classname="Check every input for the User Type">
      <failure message="The following error originated from your application code, not from Cypress.

  &gt; Cannot read properties of undefined (reading &apos;switchLanguage&apos;)

When Cypress detects uncaught errors originating from your application it will automatically fail the current test.

This behavior is configurable, and you can choose to turn this off by listening to the `uncaught:exception` event.

https://on.cypress.io/uncaught-exception-from-application" type="TypeError"><![CDATA[TypeError: The following error originated from your application code, not from Cypress.

  > Cannot read properties of undefined (reading 'switchLanguage')

When Cypress detects uncaught errors originating from your application it will automatically fail the current test.

This behavior is configurable, and you can choose to turn this off by listening to the `uncaught:exception` event.

https://on.cypress.io/uncaught-exception-from-application
    at Xd (http://localhost:8080/modules/content-editor/javascript/apps/2525.content-editor.df5854.js:1:252218)
    at renderWithHooks (webpack-internal:///./node_modules/react-dom/cjs/react-dom.development.js:14803:18)
    at mountIndeterminateComponent (webpack-internal:///./node_modules/react-dom/cjs/react-dom.development.js:17482:13)
    at beginWork (webpack-internal:///./node_modules/react-dom/cjs/react-dom.development.js:18596:16)
    at HTMLUnknownElement.callCallback (webpack-internal:///./node_modules/react-dom/cjs/react-dom.development.js:188:14)
    at Object.invokeGuardedCallbackDev (webpack-internal:///./node_modules/react-dom/cjs/react-dom.development.js:237:16)
    at invokeGuardedCallback (webpack-internal:///./node_modules/react-dom/cjs/react-dom.development.js:292:31)
    at beginWork$1 (webpack-internal:///./node_modules/react-dom/cjs/react-dom.development.js:23203:7)
    at performUnitOfWork (webpack-internal:///./node_modules/react-dom/cjs/react-dom.development.js:22157:12)
    at workLoopSync (webpack-internal:///./node_modules/react-dom/cjs/react-dom.development.js:22130:22)
    at performSyncWorkOnRoot (webpack-internal:///./node_modules/react-dom/cjs/react-dom.development.js:21756:9)
    at eval (webpack-internal:///./node_modules/react-dom/cjs/react-dom.development.js:11089:24)
    at unstable_runWithPriority (webpack-internal:///./node_modules/scheduler/cjs/scheduler.development.js:653:12)
    at runWithPriority$1 (webpack-internal:///./node_modules/react-dom/cjs/react-dom.development.js:11039:10)
    at flushSyncCallbackQueueImpl (webpack-internal:///./node_modules/react-dom/cjs/react-dom.development.js:11084:7)
    at flushSyncCallbackQueue (webpack-internal:///./node_modules/react-dom/cjs/react-dom.development.js:11072:3)
    at scheduleUpdateOnFiber (webpack-internal:///./node_modules/react-dom/cjs/react-dom.development.js:21199:9)
    at dispatchAction (webpack-internal:///./node_modules/react-dom/cjs/react-dom.development.js:15660:5)]]></failure>
    </testcase>
  </testsuite>
</testsuites>